<?xml version="1.0" encoding="UTF-8"?>
<!-- Generated by org.testng.reporters.JUnitReportReporter -->
<testsuite hostname="MSI" failures="0" tests="2" name="org.testpackage.MainsTestSeriesTest" time="33.399" errors="0" timestamp="2023-09-07T13:16:29 IST" skipped="1">
  <testcase classname="org.testpackage.MainsTestSeriesTest" name="filterFuntionalityTest" time="33.399"/>
  <system-out/>
  <testcase classname="org.testpackage.MainsTestSeriesTest" name="functionaalityTest">
    <skipped/>
  </testcase> <!-- functionaalityTest -->
  <system-out/>
</testsuite> <!-- org.testpackage.MainsTestSeriesTest -->
